02-May-2023 08:41:27.180 INFO [main] org.apache.catalina.startup.VersionLoggerListener.log 서버 버전 이름:    Apache Tomcat/9.0.73
02-May-2023 08:41:27.185 INFO [main] org.apache.catalina.startup.VersionLoggerListener.log Server 빌드 시각:  Feb 27 2023 15:33:40 UTC
02-May-2023 08:41:27.185 INFO [main] org.apache.catalina.startup.VersionLoggerListener.log Server 버전 번호:  9.0.73.0
02-May-2023 08:41:27.185 INFO [main] org.apache.catalina.startup.VersionLoggerListener.log 운영체제 이름:     Windows 10
02-May-2023 08:41:27.185 INFO [main] org.apache.catalina.startup.VersionLoggerListener.log 운영체제 버전:     10.0
02-May-2023 08:41:27.185 INFO [main] org.apache.catalina.startup.VersionLoggerListener.log 아키텍처:          amd64
02-May-2023 08:41:27.185 INFO [main] org.apache.catalina.startup.VersionLoggerListener.log 자바 홈:           C:\Program Files\openjdk\jdk-17.0.2
02-May-2023 08:41:27.186 INFO [main] org.apache.catalina.startup.VersionLoggerListener.log JVM 버전:          17.0.2+8-86
02-May-2023 08:41:27.186 INFO [main] org.apache.catalina.startup.VersionLoggerListener.log JVM 벤더:          Oracle Corporation
02-May-2023 08:41:27.186 INFO [main] org.apache.catalina.startup.VersionLoggerListener.log CATALINA_BASE:     C:\Users\cropr\Desktop\GIT_SEMI\back\apache-tomcat-9.0.73
02-May-2023 08:41:27.186 INFO [main] org.apache.catalina.startup.VersionLoggerListener.log CATALINA_HOME:     C:\Users\cropr\Desktop\GIT_SEMI\back\apache-tomcat-9.0.73
02-May-2023 08:41:27.203 INFO [main] org.apache.catalina.startup.VersionLoggerListener.log 명령 행 아규먼트:  -Djava.util.logging.config.file=c:\Users\cropr\Desktop\GIT_SEMI\back\apache-tomcat-9.0.73/conf/logging.properties
02-May-2023 08:41:27.203 INFO [main] org.apache.catalina.startup.VersionLoggerListener.log 명령 행 아규먼트:  -Djava.util.logging.manager=org.apache.juli.ClassLoaderLogManager
02-May-2023 08:41:27.203 INFO [main] org.apache.catalina.startup.VersionLoggerListener.log 명령 행 아규먼트:  -Djdk.tls.ephemeralDHKeySize=2048
02-May-2023 08:41:27.203 INFO [main] org.apache.catalina.startup.VersionLoggerListener.log 명령 행 아규먼트:  -Djava.protocol.handler.pkgs=org.apache.catalina.webresources
02-May-2023 08:41:27.203 INFO [main] org.apache.catalina.startup.VersionLoggerListener.log 명령 행 아규먼트:  -Dorg.apache.catalina.security.SecurityListener.UMASK=0027
02-May-2023 08:41:27.204 INFO [main] org.apache.catalina.startup.VersionLoggerListener.log 명령 행 아규먼트:  -Dcatalina.base=c:\Users\cropr\Desktop\GIT_SEMI\back\apache-tomcat-9.0.73
02-May-2023 08:41:27.204 INFO [main] org.apache.catalina.startup.VersionLoggerListener.log 명령 행 아규먼트:  -Dcatalina.home=c:\Users\cropr\Desktop\GIT_SEMI\back\apache-tomcat-9.0.73
02-May-2023 08:41:27.204 INFO [main] org.apache.catalina.startup.VersionLoggerListener.log 명령 행 아규먼트:  -Djava.io.tmpdir=c:\Users\cropr\Desktop\GIT_SEMI\back\apache-tomcat-9.0.73/temp
02-May-2023 08:41:27.210 INFO [main] org.apache.catalina.core.AprLifecycleListener.lifecycleEvent APR 버전 [1.7.2]을(를) 사용한, APR 기반 Apache Tomcat Native 라이브러리 [1.2.36]을(를) 로드했습니다.
02-May-2023 08:41:27.211 INFO [main] org.apache.catalina.core.AprLifecycleListener.lifecycleEvent APR 용량정보들: IPv6 [true], sendfile [true], accept filters [false], random [true], UDS [true].
02-May-2023 08:41:27.211 INFO [main] org.apache.catalina.core.AprLifecycleListener.lifecycleEvent APR/OpenSSL 설정: useAprConnector [false], useOpenSSL [true]
02-May-2023 08:41:27.217 INFO [main] org.apache.catalina.core.AprLifecycleListener.initializeSSL OpenSSL이 성공적으로 초기화되었습니다: [OpenSSL 1.1.1t  7 Feb 2023]
02-May-2023 08:41:27.567 INFO [main] org.apache.coyote.AbstractProtocol.init 프로토콜 핸들러 ["http-nio-8080"]을(를) 초기화합니다.
02-May-2023 08:41:27.607 INFO [main] org.apache.catalina.startup.Catalina.load [633] 밀리초 내에 서버가 초기화되었습니다.
02-May-2023 08:41:27.671 INFO [main] org.apache.catalina.core.StandardService.startInternal 서비스 [Catalina]을(를) 시작합니다.
02-May-2023 08:41:27.671 INFO [main] org.apache.catalina.core.StandardEngine.startInternal 서버 엔진을 시작합니다: [Apache Tomcat/9.0.73]
02-May-2023 08:41:27.684 INFO [main] org.apache.catalina.startup.HostConfig.deployDirectory 웹 애플리케이션 디렉토리 [C:\Users\cropr\Desktop\GIT_SEMI\back\apache-tomcat-9.0.73\webapps\docs]을(를) 배치합니다.
02-May-2023 08:41:28.128 INFO [main] org.apache.catalina.startup.HostConfig.deployDirectory 웹 애플리케이션 디렉토리 [C:\Users\cropr\Desktop\GIT_SEMI\back\apache-tomcat-9.0.73\webapps\docs]에 대한 배치가 [442] 밀리초에 완료되었습니다.
02-May-2023 08:41:28.128 INFO [main] org.apache.catalina.startup.HostConfig.deployDirectory 웹 애플리케이션 디렉토리 [C:\Users\cropr\Desktop\GIT_SEMI\back\apache-tomcat-9.0.73\webapps\examples]을(를) 배치합니다.
02-May-2023 08:41:28.741 INFO [main] org.apache.catalina.startup.HostConfig.deployDirectory 웹 애플리케이션 디렉토리 [C:\Users\cropr\Desktop\GIT_SEMI\back\apache-tomcat-9.0.73\webapps\examples]에 대한 배치가 [613] 밀리초에 완료되었습니다.
02-May-2023 08:41:28.742 INFO [main] org.apache.catalina.startup.HostConfig.deployDirectory 웹 애플리케이션 디렉토리 [C:\Users\cropr\Desktop\GIT_SEMI\back\apache-tomcat-9.0.73\webapps\host-manager]을(를) 배치합니다.
02-May-2023 08:41:28.795 INFO [main] org.apache.catalina.startup.HostConfig.deployDirectory 웹 애플리케이션 디렉토리 [C:\Users\cropr\Desktop\GIT_SEMI\back\apache-tomcat-9.0.73\webapps\host-manager]에 대한 배치가 [53] 밀리초에 완료되었습니다.
02-May-2023 08:41:28.795 INFO [main] org.apache.catalina.startup.HostConfig.deployDirectory 웹 애플리케이션 디렉토리 [C:\Users\cropr\Desktop\GIT_SEMI\back\apache-tomcat-9.0.73\webapps\manager]을(를) 배치합니다.
02-May-2023 08:41:28.854 INFO [main] org.apache.catalina.startup.HostConfig.deployDirectory 웹 애플리케이션 디렉토리 [C:\Users\cropr\Desktop\GIT_SEMI\back\apache-tomcat-9.0.73\webapps\manager]에 대한 배치가 [58] 밀리초에 완료되었습니다.
02-May-2023 08:41:28.854 INFO [main] org.apache.catalina.startup.HostConfig.deployDirectory 웹 애플리케이션 디렉토리 [C:\Users\cropr\Desktop\GIT_SEMI\back\apache-tomcat-9.0.73\webapps\ROOT]을(를) 배치합니다.
02-May-2023 08:41:28.892 INFO [main] org.apache.catalina.startup.HostConfig.deployDirectory 웹 애플리케이션 디렉토리 [C:\Users\cropr\Desktop\GIT_SEMI\back\apache-tomcat-9.0.73\webapps\ROOT]에 대한 배치가 [38] 밀리초에 완료되었습니다.
02-May-2023 08:41:28.895 INFO [main] org.apache.coyote.AbstractProtocol.start 프로토콜 핸들러 ["http-nio-8080"]을(를) 시작합니다.
02-May-2023 08:41:28.933 INFO [main] org.apache.catalina.startup.Catalina.start 서버가 [1325] 밀리초 내에 시작되었습니다.
02-May-2023 08:42:30.709 INFO [main] org.apache.catalina.core.StandardServer.await 셧다운 포트를 통해 유효한 셧다운 명령을 받았습니다. 서버 인스턴스를 중지시킵니다.
02-May-2023 08:42:30.709 INFO [main] org.apache.coyote.AbstractProtocol.pause 프로토콜 핸들러 ["http-nio-8080"]을(를) 일시 정지 중
02-May-2023 08:42:30.717 INFO [main] org.apache.catalina.core.StandardService.stopInternal 서비스 [Catalina]을(를) 중지시킵니다.
02-May-2023 08:42:30.723 WARNING [main] org.apache.catalina.loader.WebappClassLoaderBase.clearReferencesObjectStreamClassCaches Java 9 또는 이후 버전을 사용할 때에는, "--add-opens=java.base/java.io=ALL-UNNAMED" 을(를) JVM 명령행 아규먼트들에 추가해서, ObjectStream 캐시 메모리 릭 방지 옵션을 활성화할 필요가 있습니다. 또는 원하시는 경우, ObjectStream 클래스 캐시 메모리 릭 방지 옵션을 비활성화해서 이 경고 메시지를 없앨 수도 있습니다.
02-May-2023 08:42:30.723 WARNING [main] org.apache.catalina.loader.WebappClassLoaderBase.checkThreadLocalsForLeaks Java 9 환경에서 실행할 때에는, ThreadLocal 메모리 누수 탐지를 위하여, "--add-opens=java.base/java.lang=ALL-UNNAMED"를 JVM 명령 행 아규먼트들에 추가해야 합니다. 또는, ThreadLocal 메모리 누수 탐지를 사용불능 상태로 설정함으로써, 이 경고 메시지를 없앨 수도 있습니다.
02-May-2023 08:42:30.724 WARNING [main] org.apache.catalina.loader.WebappClassLoaderBase.clearReferencesRmiTargets Java 9에서 실행하면서 RMI Target 메모리 누수 탐지를 사용 가능하게 하려면, "--add-opens=java.rmi/sun.rmi.transport=ALL-UNNAMED"를 JVM 명령 행 아규먼트에 추가해야 합니다. 또는, RMI Target 메모리 누수 탐지를 사용불능 상태로 설정함으로써, 이 경고를 없앨 수도 있습니다.
02-May-2023 08:42:30.728 WARNING [main] org.apache.catalina.loader.WebappClassLoaderBase.clearReferencesObjectStreamClassCaches Java 9 또는 이후 버전을 사용할 때에는, "--add-opens=java.base/java.io=ALL-UNNAMED" 을(를) JVM 명령행 아규먼트들에 추가해서, ObjectStream 캐시 메모리 릭 방지 옵션을 활성화할 필요가 있습니다. 또는 원하시는 경우, ObjectStream 클래스 캐시 메모리 릭 방지 옵션을 비활성화해서 이 경고 메시지를 없앨 수도 있습니다.
02-May-2023 08:42:30.728 WARNING [main] org.apache.catalina.loader.WebappClassLoaderBase.checkThreadLocalsForLeaks Java 9 환경에서 실행할 때에는, ThreadLocal 메모리 누수 탐지를 위하여, "--add-opens=java.base/java.lang=ALL-UNNAMED"를 JVM 명령 행 아규먼트들에 추가해야 합니다. 또는, ThreadLocal 메모리 누수 탐지를 사용불능 상태로 설정함으로써, 이 경고 메시지를 없앨 수도 있습니다.
02-May-2023 08:42:30.728 WARNING [main] org.apache.catalina.loader.WebappClassLoaderBase.clearReferencesRmiTargets Java 9에서 실행하면서 RMI Target 메모리 누수 탐지를 사용 가능하게 하려면, "--add-opens=java.rmi/sun.rmi.transport=ALL-UNNAMED"를 JVM 명령 행 아규먼트에 추가해야 합니다. 또는, RMI Target 메모리 누수 탐지를 사용불능 상태로 설정함으로써, 이 경고를 없앨 수도 있습니다.
02-May-2023 08:42:30.731 WARNING [main] org.apache.catalina.loader.WebappClassLoaderBase.clearReferencesObjectStreamClassCaches Java 9 또는 이후 버전을 사용할 때에는, "--add-opens=java.base/java.io=ALL-UNNAMED" 을(를) JVM 명령행 아규먼트들에 추가해서, ObjectStream 캐시 메모리 릭 방지 옵션을 활성화할 필요가 있습니다. 또는 원하시는 경우, ObjectStream 클래스 캐시 메모리 릭 방지 옵션을 비활성화해서 이 경고 메시지를 없앨 수도 있습니다.
02-May-2023 08:42:30.731 WARNING [main] org.apache.catalina.loader.WebappClassLoaderBase.checkThreadLocalsForLeaks Java 9 환경에서 실행할 때에는, ThreadLocal 메모리 누수 탐지를 위하여, "--add-opens=java.base/java.lang=ALL-UNNAMED"를 JVM 명령 행 아규먼트들에 추가해야 합니다. 또는, ThreadLocal 메모리 누수 탐지를 사용불능 상태로 설정함으로써, 이 경고 메시지를 없앨 수도 있습니다.
02-May-2023 08:42:30.732 WARNING [main] org.apache.catalina.loader.WebappClassLoaderBase.clearReferencesRmiTargets Java 9에서 실행하면서 RMI Target 메모리 누수 탐지를 사용 가능하게 하려면, "--add-opens=java.rmi/sun.rmi.transport=ALL-UNNAMED"를 JVM 명령 행 아규먼트에 추가해야 합니다. 또는, RMI Target 메모리 누수 탐지를 사용불능 상태로 설정함으로써, 이 경고를 없앨 수도 있습니다.
02-May-2023 08:42:30.734 WARNING [main] org.apache.catalina.loader.WebappClassLoaderBase.clearReferencesObjectStreamClassCaches Java 9 또는 이후 버전을 사용할 때에는, "--add-opens=java.base/java.io=ALL-UNNAMED" 을(를) JVM 명령행 아규먼트들에 추가해서, ObjectStream 캐시 메모리 릭 방지 옵션을 활성화할 필요가 있습니다. 또는 원하시는 경우, ObjectStream 클래스 캐시 메모리 릭 방지 옵션을 비활성화해서 이 경고 메시지를 없앨 수도 있습니다.
02-May-2023 08:42:30.734 WARNING [main] org.apache.catalina.loader.WebappClassLoaderBase.checkThreadLocalsForLeaks Java 9 환경에서 실행할 때에는, ThreadLocal 메모리 누수 탐지를 위하여, "--add-opens=java.base/java.lang=ALL-UNNAMED"를 JVM 명령 행 아규먼트들에 추가해야 합니다. 또는, ThreadLocal 메모리 누수 탐지를 사용불능 상태로 설정함으로써, 이 경고 메시지를 없앨 수도 있습니다.
02-May-2023 08:42:30.734 WARNING [main] org.apache.catalina.loader.WebappClassLoaderBase.clearReferencesRmiTargets Java 9에서 실행하면서 RMI Target 메모리 누수 탐지를 사용 가능하게 하려면, "--add-opens=java.rmi/sun.rmi.transport=ALL-UNNAMED"를 JVM 명령 행 아규먼트에 추가해야 합니다. 또는, RMI Target 메모리 누수 탐지를 사용불능 상태로 설정함으로써, 이 경고를 없앨 수도 있습니다.
02-May-2023 08:42:30.737 WARNING [main] org.apache.catalina.loader.WebappClassLoaderBase.clearReferencesObjectStreamClassCaches Java 9 또는 이후 버전을 사용할 때에는, "--add-opens=java.base/java.io=ALL-UNNAMED" 을(를) JVM 명령행 아규먼트들에 추가해서, ObjectStream 캐시 메모리 릭 방지 옵션을 활성화할 필요가 있습니다. 또는 원하시는 경우, ObjectStream 클래스 캐시 메모리 릭 방지 옵션을 비활성화해서 이 경고 메시지를 없앨 수도 있습니다.
02-May-2023 08:42:30.737 WARNING [main] org.apache.catalina.loader.WebappClassLoaderBase.checkThreadLocalsForLeaks Java 9 환경에서 실행할 때에는, ThreadLocal 메모리 누수 탐지를 위하여, "--add-opens=java.base/java.lang=ALL-UNNAMED"를 JVM 명령 행 아규먼트들에 추가해야 합니다. 또는, ThreadLocal 메모리 누수 탐지를 사용불능 상태로 설정함으로써, 이 경고 메시지를 없앨 수도 있습니다.
02-May-2023 08:42:30.737 WARNING [main] org.apache.catalina.loader.WebappClassLoaderBase.clearReferencesRmiTargets Java 9에서 실행하면서 RMI Target 메모리 누수 탐지를 사용 가능하게 하려면, "--add-opens=java.rmi/sun.rmi.transport=ALL-UNNAMED"를 JVM 명령 행 아규먼트에 추가해야 합니다. 또는, RMI Target 메모리 누수 탐지를 사용불능 상태로 설정함으로써, 이 경고를 없앨 수도 있습니다.
02-May-2023 08:42:30.738 INFO [main] org.apache.coyote.AbstractProtocol.stop 프로토콜 핸들러 ["http-nio-8080"]을(를) 중지시킵니다.
02-May-2023 08:42:30.754 INFO [main] org.apache.coyote.AbstractProtocol.destroy 프로토콜 핸들러 ["http-nio-8080"]을(를) 소멸시킵니다.
02-May-2023 08:42:31.265 INFO [main] org.apache.catalina.startup.VersionLoggerListener.log 서버 버전 이름:    Apache Tomcat/9.0.73
02-May-2023 08:42:31.271 INFO [main] org.apache.catalina.startup.VersionLoggerListener.log Server 빌드 시각:  Feb 27 2023 15:33:40 UTC
02-May-2023 08:42:31.271 INFO [main] org.apache.catalina.startup.VersionLoggerListener.log Server 버전 번호:  9.0.73.0
02-May-2023 08:42:31.271 INFO [main] org.apache.catalina.startup.VersionLoggerListener.log 운영체제 이름:     Windows 10
02-May-2023 08:42:31.271 INFO [main] org.apache.catalina.startup.VersionLoggerListener.log 운영체제 버전:     10.0
02-May-2023 08:42:31.271 INFO [main] org.apache.catalina.startup.VersionLoggerListener.log 아키텍처:          amd64
02-May-2023 08:42:31.271 INFO [main] org.apache.catalina.startup.VersionLoggerListener.log 자바 홈:           C:\Program Files\openjdk\jdk-17.0.2
02-May-2023 08:42:31.271 INFO [main] org.apache.catalina.startup.VersionLoggerListener.log JVM 버전:          17.0.2+8-86
02-May-2023 08:42:31.271 INFO [main] org.apache.catalina.startup.VersionLoggerListener.log JVM 벤더:          Oracle Corporation
02-May-2023 08:42:31.271 INFO [main] org.apache.catalina.startup.VersionLoggerListener.log CATALINA_BASE:     C:\Users\cropr\Desktop\GIT_SEMI\back\apache-tomcat-9.0.73
02-May-2023 08:42:31.271 INFO [main] org.apache.catalina.startup.VersionLoggerListener.log CATALINA_HOME:     C:\Users\cropr\Desktop\GIT_SEMI\back\apache-tomcat-9.0.73
02-May-2023 08:42:31.285 INFO [main] org.apache.catalina.startup.VersionLoggerListener.log 명령 행 아규먼트:  -Djava.util.logging.config.file=c:\Users\cropr\Desktop\GIT_SEMI\back\apache-tomcat-9.0.73/conf/logging.properties
02-May-2023 08:42:31.286 INFO [main] org.apache.catalina.startup.VersionLoggerListener.log 명령 행 아규먼트:  -Djava.util.logging.manager=org.apache.juli.ClassLoaderLogManager
02-May-2023 08:42:31.286 INFO [main] org.apache.catalina.startup.VersionLoggerListener.log 명령 행 아규먼트:  -Djdk.tls.ephemeralDHKeySize=2048
02-May-2023 08:42:31.286 INFO [main] org.apache.catalina.startup.VersionLoggerListener.log 명령 행 아규먼트:  -Djava.protocol.handler.pkgs=org.apache.catalina.webresources
02-May-2023 08:42:31.286 INFO [main] org.apache.catalina.startup.VersionLoggerListener.log 명령 행 아규먼트:  -Dorg.apache.catalina.security.SecurityListener.UMASK=0027
02-May-2023 08:42:31.286 INFO [main] org.apache.catalina.startup.VersionLoggerListener.log 명령 행 아규먼트:  -Dcatalina.base=c:\Users\cropr\Desktop\GIT_SEMI\back\apache-tomcat-9.0.73
02-May-2023 08:42:31.286 INFO [main] org.apache.catalina.startup.VersionLoggerListener.log 명령 행 아규먼트:  -Dcatalina.home=c:\Users\cropr\Desktop\GIT_SEMI\back\apache-tomcat-9.0.73
02-May-2023 08:42:31.286 INFO [main] org.apache.catalina.startup.VersionLoggerListener.log 명령 행 아규먼트:  -Djava.io.tmpdir=c:\Users\cropr\Desktop\GIT_SEMI\back\apache-tomcat-9.0.73/temp
02-May-2023 08:42:31.291 INFO [main] org.apache.catalina.core.AprLifecycleListener.lifecycleEvent APR 버전 [1.7.2]을(를) 사용한, APR 기반 Apache Tomcat Native 라이브러리 [1.2.36]을(를) 로드했습니다.
02-May-2023 08:42:31.292 INFO [main] org.apache.catalina.core.AprLifecycleListener.lifecycleEvent APR 용량정보들: IPv6 [true], sendfile [true], accept filters [false], random [true], UDS [true].
02-May-2023 08:42:31.292 INFO [main] org.apache.catalina.core.AprLifecycleListener.lifecycleEvent APR/OpenSSL 설정: useAprConnector [false], useOpenSSL [true]
02-May-2023 08:42:31.297 INFO [main] org.apache.catalina.core.AprLifecycleListener.initializeSSL OpenSSL이 성공적으로 초기화되었습니다: [OpenSSL 1.1.1t  7 Feb 2023]
02-May-2023 08:42:31.550 INFO [main] org.apache.coyote.AbstractProtocol.init 프로토콜 핸들러 ["http-nio-8080"]을(를) 초기화합니다.
02-May-2023 08:42:31.577 INFO [main] org.apache.catalina.startup.Catalina.load [506] 밀리초 내에 서버가 초기화되었습니다.
02-May-2023 08:42:31.624 INFO [main] org.apache.catalina.core.StandardService.startInternal 서비스 [Catalina]을(를) 시작합니다.
02-May-2023 08:42:31.625 INFO [main] org.apache.catalina.core.StandardEngine.startInternal 서버 엔진을 시작합니다: [Apache Tomcat/9.0.73]
02-May-2023 08:42:31.635 INFO [main] org.apache.catalina.startup.HostConfig.deployDirectory 웹 애플리케이션 디렉토리 [C:\Users\cropr\Desktop\GIT_SEMI\back\apache-tomcat-9.0.73\webapps\docs]을(를) 배치합니다.
02-May-2023 08:42:31.998 INFO [main] org.apache.catalina.startup.HostConfig.deployDirectory 웹 애플리케이션 디렉토리 [C:\Users\cropr\Desktop\GIT_SEMI\back\apache-tomcat-9.0.73\webapps\docs]에 대한 배치가 [361] 밀리초에 완료되었습니다.
02-May-2023 08:42:31.998 INFO [main] org.apache.catalina.startup.HostConfig.deployDirectory 웹 애플리케이션 디렉토리 [C:\Users\cropr\Desktop\GIT_SEMI\back\apache-tomcat-9.0.73\webapps\examples]을(를) 배치합니다.
02-May-2023 08:42:32.533 INFO [main] org.apache.catalina.startup.HostConfig.deployDirectory 웹 애플리케이션 디렉토리 [C:\Users\cropr\Desktop\GIT_SEMI\back\apache-tomcat-9.0.73\webapps\examples]에 대한 배치가 [534] 밀리초에 완료되었습니다.
02-May-2023 08:42:32.533 INFO [main] org.apache.catalina.startup.HostConfig.deployDirectory 웹 애플리케이션 디렉토리 [C:\Users\cropr\Desktop\GIT_SEMI\back\apache-tomcat-9.0.73\webapps\host-manager]을(를) 배치합니다.
02-May-2023 08:42:32.586 INFO [main] org.apache.catalina.startup.HostConfig.deployDirectory 웹 애플리케이션 디렉토리 [C:\Users\cropr\Desktop\GIT_SEMI\back\apache-tomcat-9.0.73\webapps\host-manager]에 대한 배치가 [53] 밀리초에 완료되었습니다.
02-May-2023 08:42:32.586 INFO [main] org.apache.catalina.startup.HostConfig.deployDirectory 웹 애플리케이션 디렉토리 [C:\Users\cropr\Desktop\GIT_SEMI\back\apache-tomcat-9.0.73\webapps\manager]을(를) 배치합니다.
02-May-2023 08:42:32.638 INFO [main] org.apache.catalina.startup.HostConfig.deployDirectory 웹 애플리케이션 디렉토리 [C:\Users\cropr\Desktop\GIT_SEMI\back\apache-tomcat-9.0.73\webapps\manager]에 대한 배치가 [46] 밀리초에 완료되었습니다.
02-May-2023 08:42:32.638 INFO [main] org.apache.catalina.startup.HostConfig.deployDirectory 웹 애플리케이션 디렉토리 [C:\Users\cropr\Desktop\GIT_SEMI\back\apache-tomcat-9.0.73\webapps\ROOT]을(를) 배치합니다.
02-May-2023 08:42:32.673 INFO [main] org.apache.catalina.startup.HostConfig.deployDirectory 웹 애플리케이션 디렉토리 [C:\Users\cropr\Desktop\GIT_SEMI\back\apache-tomcat-9.0.73\webapps\ROOT]에 대한 배치가 [35] 밀리초에 완료되었습니다.
02-May-2023 08:42:32.677 INFO [main] org.apache.coyote.AbstractProtocol.start 프로토콜 핸들러 ["http-nio-8080"]을(를) 시작합니다.
02-May-2023 08:42:32.715 INFO [main] org.apache.catalina.startup.Catalina.start 서버가 [1137] 밀리초 내에 시작되었습니다.
02-May-2023 08:42:45.633 INFO [main] org.apache.catalina.core.StandardServer.await 셧다운 포트를 통해 유효한 셧다운 명령을 받았습니다. 서버 인스턴스를 중지시킵니다.
02-May-2023 08:42:45.634 INFO [main] org.apache.coyote.AbstractProtocol.pause 프로토콜 핸들러 ["http-nio-8080"]을(를) 일시 정지 중
02-May-2023 08:42:45.642 INFO [main] org.apache.catalina.core.StandardService.stopInternal 서비스 [Catalina]을(를) 중지시킵니다.
02-May-2023 08:42:45.648 WARNING [main] org.apache.catalina.loader.WebappClassLoaderBase.clearReferencesObjectStreamClassCaches Java 9 또는 이후 버전을 사용할 때에는, "--add-opens=java.base/java.io=ALL-UNNAMED" 을(를) JVM 명령행 아규먼트들에 추가해서, ObjectStream 캐시 메모리 릭 방지 옵션을 활성화할 필요가 있습니다. 또는 원하시는 경우, ObjectStream 클래스 캐시 메모리 릭 방지 옵션을 비활성화해서 이 경고 메시지를 없앨 수도 있습니다.
02-May-2023 08:42:45.649 WARNING [main] org.apache.catalina.loader.WebappClassLoaderBase.checkThreadLocalsForLeaks Java 9 환경에서 실행할 때에는, ThreadLocal 메모리 누수 탐지를 위하여, "--add-opens=java.base/java.lang=ALL-UNNAMED"를 JVM 명령 행 아규먼트들에 추가해야 합니다. 또는, ThreadLocal 메모리 누수 탐지를 사용불능 상태로 설정함으로써, 이 경고 메시지를 없앨 수도 있습니다.
02-May-2023 08:42:45.650 WARNING [main] org.apache.catalina.loader.WebappClassLoaderBase.clearReferencesRmiTargets Java 9에서 실행하면서 RMI Target 메모리 누수 탐지를 사용 가능하게 하려면, "--add-opens=java.rmi/sun.rmi.transport=ALL-UNNAMED"를 JVM 명령 행 아규먼트에 추가해야 합니다. 또는, RMI Target 메모리 누수 탐지를 사용불능 상태로 설정함으로써, 이 경고를 없앨 수도 있습니다.
02-May-2023 08:42:45.653 WARNING [main] org.apache.catalina.loader.WebappClassLoaderBase.clearReferencesObjectStreamClassCaches Java 9 또는 이후 버전을 사용할 때에는, "--add-opens=java.base/java.io=ALL-UNNAMED" 을(를) JVM 명령행 아규먼트들에 추가해서, ObjectStream 캐시 메모리 릭 방지 옵션을 활성화할 필요가 있습니다. 또는 원하시는 경우, ObjectStream 클래스 캐시 메모리 릭 방지 옵션을 비활성화해서 이 경고 메시지를 없앨 수도 있습니다.
02-May-2023 08:42:45.653 WARNING [main] org.apache.catalina.loader.WebappClassLoaderBase.checkThreadLocalsForLeaks Java 9 환경에서 실행할 때에는, ThreadLocal 메모리 누수 탐지를 위하여, "--add-opens=java.base/java.lang=ALL-UNNAMED"를 JVM 명령 행 아규먼트들에 추가해야 합니다. 또는, ThreadLocal 메모리 누수 탐지를 사용불능 상태로 설정함으로써, 이 경고 메시지를 없앨 수도 있습니다.
02-May-2023 08:42:45.654 WARNING [main] org.apache.catalina.loader.WebappClassLoaderBase.clearReferencesRmiTargets Java 9에서 실행하면서 RMI Target 메모리 누수 탐지를 사용 가능하게 하려면, "--add-opens=java.rmi/sun.rmi.transport=ALL-UNNAMED"를 JVM 명령 행 아규먼트에 추가해야 합니다. 또는, RMI Target 메모리 누수 탐지를 사용불능 상태로 설정함으로써, 이 경고를 없앨 수도 있습니다.
02-May-2023 08:42:45.656 WARNING [main] org.apache.catalina.loader.WebappClassLoaderBase.clearReferencesObjectStreamClassCaches Java 9 또는 이후 버전을 사용할 때에는, "--add-opens=java.base/java.io=ALL-UNNAMED" 을(를) JVM 명령행 아규먼트들에 추가해서, ObjectStream 캐시 메모리 릭 방지 옵션을 활성화할 필요가 있습니다. 또는 원하시는 경우, ObjectStream 클래스 캐시 메모리 릭 방지 옵션을 비활성화해서 이 경고 메시지를 없앨 수도 있습니다.
02-May-2023 08:42:45.656 WARNING [main] org.apache.catalina.loader.WebappClassLoaderBase.checkThreadLocalsForLeaks Java 9 환경에서 실행할 때에는, ThreadLocal 메모리 누수 탐지를 위하여, "--add-opens=java.base/java.lang=ALL-UNNAMED"를 JVM 명령 행 아규먼트들에 추가해야 합니다. 또는, ThreadLocal 메모리 누수 탐지를 사용불능 상태로 설정함으로써, 이 경고 메시지를 없앨 수도 있습니다.
02-May-2023 08:42:45.657 WARNING [main] org.apache.catalina.loader.WebappClassLoaderBase.clearReferencesRmiTargets Java 9에서 실행하면서 RMI Target 메모리 누수 탐지를 사용 가능하게 하려면, "--add-opens=java.rmi/sun.rmi.transport=ALL-UNNAMED"를 JVM 명령 행 아규먼트에 추가해야 합니다. 또는, RMI Target 메모리 누수 탐지를 사용불능 상태로 설정함으로써, 이 경고를 없앨 수도 있습니다.
02-May-2023 08:42:45.660 WARNING [main] org.apache.catalina.loader.WebappClassLoaderBase.clearReferencesObjectStreamClassCaches Java 9 또는 이후 버전을 사용할 때에는, "--add-opens=java.base/java.io=ALL-UNNAMED" 을(를) JVM 명령행 아규먼트들에 추가해서, ObjectStream 캐시 메모리 릭 방지 옵션을 활성화할 필요가 있습니다. 또는 원하시는 경우, ObjectStream 클래스 캐시 메모리 릭 방지 옵션을 비활성화해서 이 경고 메시지를 없앨 수도 있습니다.
02-May-2023 08:42:45.661 WARNING [main] org.apache.catalina.loader.WebappClassLoaderBase.checkThreadLocalsForLeaks Java 9 환경에서 실행할 때에는, ThreadLocal 메모리 누수 탐지를 위하여, "--add-opens=java.base/java.lang=ALL-UNNAMED"를 JVM 명령 행 아규먼트들에 추가해야 합니다. 또는, ThreadLocal 메모리 누수 탐지를 사용불능 상태로 설정함으로써, 이 경고 메시지를 없앨 수도 있습니다.
02-May-2023 08:42:45.661 WARNING [main] org.apache.catalina.loader.WebappClassLoaderBase.clearReferencesRmiTargets Java 9에서 실행하면서 RMI Target 메모리 누수 탐지를 사용 가능하게 하려면, "--add-opens=java.rmi/sun.rmi.transport=ALL-UNNAMED"를 JVM 명령 행 아규먼트에 추가해야 합니다. 또는, RMI Target 메모리 누수 탐지를 사용불능 상태로 설정함으로써, 이 경고를 없앨 수도 있습니다.
02-May-2023 08:42:45.663 WARNING [main] org.apache.catalina.loader.WebappClassLoaderBase.clearReferencesObjectStreamClassCaches Java 9 또는 이후 버전을 사용할 때에는, "--add-opens=java.base/java.io=ALL-UNNAMED" 을(를) JVM 명령행 아규먼트들에 추가해서, ObjectStream 캐시 메모리 릭 방지 옵션을 활성화할 필요가 있습니다. 또는 원하시는 경우, ObjectStream 클래스 캐시 메모리 릭 방지 옵션을 비활성화해서 이 경고 메시지를 없앨 수도 있습니다.
02-May-2023 08:42:45.663 WARNING [main] org.apache.catalina.loader.WebappClassLoaderBase.checkThreadLocalsForLeaks Java 9 환경에서 실행할 때에는, ThreadLocal 메모리 누수 탐지를 위하여, "--add-opens=java.base/java.lang=ALL-UNNAMED"를 JVM 명령 행 아규먼트들에 추가해야 합니다. 또는, ThreadLocal 메모리 누수 탐지를 사용불능 상태로 설정함으로써, 이 경고 메시지를 없앨 수도 있습니다.
02-May-2023 08:42:45.664 WARNING [main] org.apache.catalina.loader.WebappClassLoaderBase.clearReferencesRmiTargets Java 9에서 실행하면서 RMI Target 메모리 누수 탐지를 사용 가능하게 하려면, "--add-opens=java.rmi/sun.rmi.transport=ALL-UNNAMED"를 JVM 명령 행 아규먼트에 추가해야 합니다. 또는, RMI Target 메모리 누수 탐지를 사용불능 상태로 설정함으로써, 이 경고를 없앨 수도 있습니다.
02-May-2023 08:42:45.664 INFO [main] org.apache.coyote.AbstractProtocol.stop 프로토콜 핸들러 ["http-nio-8080"]을(를) 중지시킵니다.
02-May-2023 08:42:45.673 INFO [main] org.apache.coyote.AbstractProtocol.destroy 프로토콜 핸들러 ["http-nio-8080"]을(를) 소멸시킵니다.
